<?xml version="1.0" encoding="UTF-8"?>
<!-- Generated by org.testng.reporters.JUnitXMLReporter -->
<testsuite ignored="0" hostname="DESKTOP-H0QBEHU" failures="2" tests="2" name="Regression" time="36.418" errors="0" timestamp="2022-06-13T23:10:25 CDT">
  <testcase classname="TestExpedia.TestExpediaPage" name="f" time="6.707">
    <failure type="org.openqa.selenium.NoSuchElementException" message="no such element: Unable to locate element: {&amp;quot;method&amp;quot;:&amp;quot;xpath&amp;quot;,&amp;quot;selector&amp;quot;:&amp;quot;Roundtrip&amp;quot;}
  (Session info: MicrosoftEdge=102.0.1245.39)
For documentation on this error, please visit: https://selenium.dev/exceptions/#no_such_element
Build info: version: &amp;apos;4.1.3&amp;apos;, revision: &amp;apos;7b1ebf28ef&amp;apos;
System info: host: &amp;apos;DESKTOP-H0QBEHU&amp;apos;, ip: &amp;apos;192.168.14.1&amp;apos;, os.name: &amp;apos;Windows 10&amp;apos;, os.arch: &amp;apos;amd64&amp;apos;, os.version: &amp;apos;10.0&amp;apos;, java.version: &amp;apos;11.0.13&amp;apos;
Driver info: org.openqa.selenium.edge.EdgeDriver
Command: [40fa7e03941a7c9ca90e5cff5a962da8, findElement {using=xpath, value=Roundtrip}]
Capabilities {acceptInsecureCerts: false, browserName: msedge, browserVersion: 102.0.1245.39, javascriptEnabled: true, ms:edgeOptions: {debuggerAddress: localhost:63643}, msedge: {msedgedriverVersion: 101.0.1210.32 (f7af80761c68..., userDataDir: C:\Users\fwzna\AppData\Loca...}, networkConnectionEnabled: false, pageLoadStrategy: normal, platform: WINDOWS, platformName: WINDOWS, proxy: Proxy(), se:cdp: ws://localhost:63643/devtoo..., se:cdpVersion: 102.0.1245.39, setWindowRect: true, strictFileInteractability: false, timeouts: {implicit: 0, pageLoad: 300000, script: 30000}, unhandledPromptBehavior: dismiss and notify, webauthn:extension:credBlob: true, webauthn:extension:largeBlob: true, webauthn:virtualAuthenticators: true}
Session ID: 40fa7e03941a7c9ca90e5cff5a962da8">
      <![CDATA[org.openqa.selenium.NoSuchElementException: no such element: Unable to locate element: {"method":"xpath","selector":"Roundtrip"}
  (Session info: MicrosoftEdge=102.0.1245.39)
For documentation on this error, please visit: https://selenium.dev/exceptions/#no_such_element
Build info: version: '4.1.3', revision: '7b1ebf28ef'
System info: host: 'DESKTOP-H0QBEHU', ip: '192.168.14.1', os.name: 'Windows 10', os.arch: 'amd64', os.version: '10.0', java.version: '11.0.13'
Driver info: org.openqa.selenium.edge.EdgeDriver
Command: [40fa7e03941a7c9ca90e5cff5a962da8, findElement {using=xpath, value=Roundtrip}]
Capabilities {acceptInsecureCerts: false, browserName: msedge, browserVersion: 102.0.1245.39, javascriptEnabled: true, ms:edgeOptions: {debuggerAddress: localhost:63643}, msedge: {msedgedriverVersion: 101.0.1210.32 (f7af80761c68..., userDataDir: C:\Users\fwzna\AppData\Loca...}, networkConnectionEnabled: false, pageLoadStrategy: normal, platform: WINDOWS, platformName: WINDOWS, proxy: Proxy(), se:cdp: ws://localhost:63643/devtoo..., se:cdpVersion: 102.0.1245.39, setWindowRect: true, strictFileInteractability: false, timeouts: {implicit: 0, pageLoad: 300000, script: 30000}, unhandledPromptBehavior: dismiss and notify, webauthn:extension:credBlob: true, webauthn:extension:largeBlob: true, webauthn:virtualAuthenticators: true}
Session ID: 40fa7e03941a7c9ca90e5cff5a962da8
at org.openqa.selenium.remote.codec.w3c.W3CHttpResponseCodec.createException(W3CHttpResponseCodec.java:200)
at org.openqa.selenium.remote.codec.w3c.W3CHttpResponseCodec.decode(W3CHttpResponseCodec.java:133)
at org.openqa.selenium.remote.codec.w3c.W3CHttpResponseCodec.decode(W3CHttpResponseCodec.java:53)
at org.openqa.selenium.remote.HttpCommandExecutor.execute(HttpCommandExecutor.java:184)
at org.openqa.selenium.remote.service.DriverCommandExecutor.invokeExecute(DriverCommandExecutor.java:167)
at org.openqa.selenium.remote.service.DriverCommandExecutor.execute(DriverCommandExecutor.java:142)
at org.openqa.selenium.remote.RemoteWebDriver.execute(RemoteWebDriver.java:567)
at org.openqa.selenium.remote.ElementLocation$ElementFinder$2.findElement(ElementLocation.java:162)
at org.openqa.selenium.remote.ElementLocation.findElement(ElementLocation.java:60)
at org.openqa.selenium.remote.RemoteWebDriver.findElement(RemoteWebDriver.java:385)
at org.openqa.selenium.remote.RemoteWebDriver.findElement(RemoteWebDriver.java:377)
at org.openqa.selenium.support.pagefactory.DefaultElementLocator.findElement(DefaultElementLocator.java:70)
at org.openqa.selenium.support.pagefactory.internal.LocatingElementHandler.invoke(LocatingElementHandler.java:39)
at com.sun.proxy.$Proxy18.getText(Unknown Source)
at Expedia.ExpidiaPage.RoundOfText(ExpidiaPage.java:111)
at TestExpedia.TestExpediaPage.f(TestExpediaPage.java:20)
at java.base/java.util.ArrayList.forEach(ArrayList.java:1541)
... Removed 31 stack frames]]>
    </failure>
  </testcase> <!-- f -->
  <testcase classname="TestExpedia.TestExpediaPage" name="flightPage" time="20.592">
    <failure type="org.openqa.selenium.ElementClickInterceptedException" message="element click intercepted: Element &amp;lt;button type=&amp;quot;button&amp;quot; class=&amp;quot;uitk-date-picker-day&amp;quot; data-day=&amp;quot;24&amp;quot; aria-label=&amp;quot;Jun 24, 2022&amp;quot;&amp;gt;&amp;lt;/button&amp;gt; is not clickable at point (1042, 454). Other element would receive the click: &amp;lt;td aria-hidden=&amp;quot;true&amp;quot; class=&amp;quot;uitk-date-picker-day-number&amp;quot; colspan=&amp;quot;5&amp;quot;&amp;gt;&amp;lt;/td&amp;gt;
  (Session info: MicrosoftEdge=102.0.1245.39)
Build info: version: &amp;apos;4.1.3&amp;apos;, revision: &amp;apos;7b1ebf28ef&amp;apos;
System info: host: &amp;apos;DESKTOP-H0QBEHU&amp;apos;, ip: &amp;apos;192.168.14.1&amp;apos;, os.name: &amp;apos;Windows 10&amp;apos;, os.arch: &amp;apos;amd64&amp;apos;, os.version: &amp;apos;10.0&amp;apos;, java.version: &amp;apos;11.0.13&amp;apos;
Driver info: org.openqa.selenium.edge.EdgeDriver
Command: [40fa7e03941a7c9ca90e5cff5a962da8, clickElement {id=77a805bc-3a7c-4125-8af5-96e3530f6a9b}]
Capabilities {acceptInsecureCerts: false, browserName: msedge, browserVersion: 102.0.1245.39, javascriptEnabled: true, ms:edgeOptions: {debuggerAddress: localhost:63643}, msedge: {msedgedriverVersion: 101.0.1210.32 (f7af80761c68..., userDataDir: C:\Users\fwzna\AppData\Loca...}, networkConnectionEnabled: false, pageLoadStrategy: normal, platform: WINDOWS, platformName: WINDOWS, proxy: Proxy(), se:cdp: ws://localhost:63643/devtoo..., se:cdpVersion: 102.0.1245.39, setWindowRect: true, strictFileInteractability: false, timeouts: {implicit: 0, pageLoad: 300000, script: 30000}, unhandledPromptBehavior: dismiss and notify, webauthn:extension:credBlob: true, webauthn:extension:largeBlob: true, webauthn:virtualAuthenticators: true}
Element: [[EdgeDriver: msedge on WINDOWS (40fa7e03941a7c9ca90e5cff5a962da8)] -&amp;gt; xpath: (//*[@data-day=&amp;apos;24&amp;apos;])[1]]
Session ID: 40fa7e03941a7c9ca90e5cff5a962da8">
      <![CDATA[org.openqa.selenium.ElementClickInterceptedException: element click intercepted: Element <button type="button" class="uitk-date-picker-day" data-day="24" aria-label="Jun 24, 2022"></button> is not clickable at point (1042, 454). Other element would receive the click: <td aria-hidden="true" class="uitk-date-picker-day-number" colspan="5"></td>
  (Session info: MicrosoftEdge=102.0.1245.39)
Build info: version: '4.1.3', revision: '7b1ebf28ef'
System info: host: 'DESKTOP-H0QBEHU', ip: '192.168.14.1', os.name: 'Windows 10', os.arch: 'amd64', os.version: '10.0', java.version: '11.0.13'
Driver info: org.openqa.selenium.edge.EdgeDriver
Command: [40fa7e03941a7c9ca90e5cff5a962da8, clickElement {id=77a805bc-3a7c-4125-8af5-96e3530f6a9b}]
Capabilities {acceptInsecureCerts: false, browserName: msedge, browserVersion: 102.0.1245.39, javascriptEnabled: true, ms:edgeOptions: {debuggerAddress: localhost:63643}, msedge: {msedgedriverVersion: 101.0.1210.32 (f7af80761c68..., userDataDir: C:\Users\fwzna\AppData\Loca...}, networkConnectionEnabled: false, pageLoadStrategy: normal, platform: WINDOWS, platformName: WINDOWS, proxy: Proxy(), se:cdp: ws://localhost:63643/devtoo..., se:cdpVersion: 102.0.1245.39, setWindowRect: true, strictFileInteractability: false, timeouts: {implicit: 0, pageLoad: 300000, script: 30000}, unhandledPromptBehavior: dismiss and notify, webauthn:extension:credBlob: true, webauthn:extension:largeBlob: true, webauthn:virtualAuthenticators: true}
Element: [[EdgeDriver: msedge on WINDOWS (40fa7e03941a7c9ca90e5cff5a962da8)] -> xpath: (//*[@data-day='24'])[1]]
Session ID: 40fa7e03941a7c9ca90e5cff5a962da8
at org.openqa.selenium.remote.codec.w3c.W3CHttpResponseCodec.createException(W3CHttpResponseCodec.java:200)
at org.openqa.selenium.remote.codec.w3c.W3CHttpResponseCodec.decode(W3CHttpResponseCodec.java:133)
at org.openqa.selenium.remote.codec.w3c.W3CHttpResponseCodec.decode(W3CHttpResponseCodec.java:53)
at org.openqa.selenium.remote.HttpCommandExecutor.execute(HttpCommandExecutor.java:184)
at org.openqa.selenium.remote.service.DriverCommandExecutor.invokeExecute(DriverCommandExecutor.java:167)
at org.openqa.selenium.remote.service.DriverCommandExecutor.execute(DriverCommandExecutor.java:142)
at org.openqa.selenium.remote.RemoteWebDriver.execute(RemoteWebDriver.java:567)
at org.openqa.selenium.remote.RemoteWebElement.execute(RemoteWebElement.java:251)
at org.openqa.selenium.remote.RemoteWebElement.click(RemoteWebElement.java:77)
at org.openqa.selenium.support.pagefactory.internal.LocatingElementHandler.invoke(LocatingElementHandler.java:52)
at com.sun.proxy.$Proxy18.click(Unknown Source)
at Expedia.ExpidiaPage.Departing(ExpidiaPage.java:73)
at TestExpedia.TestExpediaPage.flightPage(TestExpediaPage.java:42)
at java.base/java.util.ArrayList.forEach(ArrayList.java:1541)
... Removed 35 stack frames]]>
    </failure>
  </testcase> <!-- flightPage -->
</testsuite> <!-- Regression -->
